{"target": -9.581525592161306, "params": {"D_gain": 0.12163069648010408, "P_gain": 0.044112091656052205, "max_speed": 7.947741751630076}, "datetime": {"datetime": "2023-07-16 21:18:34", "elapsed": 0.0, "delta": 0.0}}
{"target": -11.520094738522419, "params": {"D_gain": 0.0753178243396907, "P_gain": 0.10373366204021002, "max_speed": 8.434827958769072}, "datetime": {"datetime": "2023-07-16 21:18:36", "elapsed": 2.239756, "delta": 2.239756}}
{"target": -12.302469034306538, "params": {"D_gain": 0.08185989534503504, "P_gain": 0.1506205074654719, "max_speed": 8.807428869430234}, "datetime": {"datetime": "2023-07-16 21:18:38", "elapsed": 4.692127, "delta": 2.452371}}
{"target": -6.7402457280952195, "params": {"D_gain": 0.399124482553622, "P_gain": 0.04426303421508018, "max_speed": 7.83882593426937}, "datetime": {"datetime": "2023-07-16 21:18:41", "elapsed": 7.372979, "delta": 2.680852}}
{"target": -11.243362250646236, "params": {"D_gain": 0.2946700988552483, "P_gain": 0.29325743781735514, "max_speed": 7.853870983488303}, "datetime": {"datetime": "2023-07-16 21:18:43", "elapsed": 9.820437, "delta": 2.447458}}
{"target": -5.543051659853476, "params": {"D_gain": 0.3946178611391678, "P_gain": 0.03412707529877651, "max_speed": 7.988957489105846}, "datetime": {"datetime": "2023-07-16 21:18:46", "elapsed": 12.572769, "delta": 2.752332}}
{"target": -3.116533813605495, "params": {"D_gain": 0.3530958908785011, "P_gain": 0.01910202147180843, "max_speed": 7.912519304510533}, "datetime": {"datetime": "2023-07-16 21:18:49", "elapsed": 15.238648, "delta": 2.665879}}
{"target": -4.799773670326617, "params": {"D_gain": 0.372773622883344, "P_gain": 0.028160821914440477, "max_speed": 7.983459565566177}, "datetime": {"datetime": "2023-07-16 21:18:51", "elapsed": 17.779454, "delta": 2.540806}}
{"target": -5.000378640844565, "params": {"D_gain": 0.3526139106177348, "P_gain": 0.027761575707520157, "max_speed": 7.927098275105554}, "datetime": {"datetime": "2023-07-16 21:18:54", "elapsed": 20.344928, "delta": 2.565474}}
{"target": -9.766622381586336, "params": {"D_gain": 0.06592437191532513, "P_gain": 0.029681523045519128, "max_speed": 8.60281468000731}, "datetime": {"datetime": "2023-07-16 21:18:56", "elapsed": 22.795257, "delta": 2.450329}}
{"target": -6.391460618078928, "params": {"D_gain": 0.3428501918162638, "P_gain": 0.03601172210635079, "max_speed": 7.917151249007167}, "datetime": {"datetime": "2023-07-16 21:18:59", "elapsed": 25.318722, "delta": 2.523465}}
{"target": -6.2016755014588805, "params": {"D_gain": 0.3649920180674247, "P_gain": 0.0364682114755883, "max_speed": 7.960153598802365}, "datetime": {"datetime": "2023-07-16 21:19:02", "elapsed": 27.923122, "delta": 2.6044}}
